2023-04-02 20:56:00.851589 - Initialized conversion of CBT008
2023-04-02 20:56:02.446979 - Received SBGOLOB.CBT505.FILE008 from FILE008.XMI 
2023-04-02 20:56:02.450075 - Found $$$$NOTE.txt (text/plain) in SBGOLOB.CBT505.FILE008, moved to FILE008/$$$$NOTE
2023-04-02 20:56:02.451310 - Found $$$#DATE.txt (text/plain) in SBGOLOB.CBT505.FILE008, moved to FILE008/$$$#DATE
2023-04-02 20:56:02.452512 - Found $$AFTR.txt (text/plain) in SBGOLOB.CBT505.FILE008, moved to FILE008/$$AFTR
2023-04-02 20:56:02.453802 - Found $$JCL003.jcl (text/plain) in SBGOLOB.CBT505.FILE008, moved to FILE008/$$JCL003
2023-04-02 20:56:02.455104 - Found $IEBUPD1.txt (text/plain) in SBGOLOB.CBT505.FILE008, moved to FILE008/$IEBUPD1
2023-04-02 20:56:02.456267 - Found ##CBT973.txt (text/plain) in SBGOLOB.CBT505.FILE008, moved to FILE008/##CBT973
2023-04-02 20:56:02.457688 - Found @FILE008.txt (text/plain) in SBGOLOB.CBT505.FILE008, moved to FILE008/@FILE008
2023-04-02 20:56:02.458951 - Found @NEWT.txt (text/plain) in SBGOLOB.CBT505.FILE008, moved to FILE008/@NEWT
2023-04-02 20:56:02.460337 - Found BUFDEF.txt (text/plain) in SBGOLOB.CBT505.FILE008, moved to FILE008/BUFDEF
2023-04-02 20:56:02.461905 - Found CBTSTATS.txt (text/plain) in SBGOLOB.CBT505.FILE008, moved to FILE008/CBTSTATS
2023-04-02 20:56:02.463296 - Found CBTUPD.txt (text/plain) in SBGOLOB.CBT505.FILE008, moved to FILE008/CBTUPD
2023-04-02 20:56:02.464716 - Found DELNT488.jcl (text/plain) in SBGOLOB.CBT505.FILE008, moved to FILE008/DELNT488
2023-04-02 20:56:02.466127 - Found DELNT489.jcl (text/plain) in SBGOLOB.CBT505.FILE008, moved to FILE008/DELNT489
2023-04-02 20:56:02.467256 - Found DELNT490.jcl (text/plain) in SBGOLOB.CBT505.FILE008, moved to FILE008/DELNT490
2023-04-02 20:56:02.468596 - Found DELNT491.jcl (text/plain) in SBGOLOB.CBT505.FILE008, moved to FILE008/DELNT491
2023-04-02 20:56:02.469882 - Found DELNT492.jcl (text/plain) in SBGOLOB.CBT505.FILE008, moved to FILE008/DELNT492
2023-04-02 20:56:02.470987 - Found DELNT493.jcl (text/plain) in SBGOLOB.CBT505.FILE008, moved to FILE008/DELNT493
2023-04-02 20:56:02.472118 - Found DELNT494.jcl (text/plain) in SBGOLOB.CBT505.FILE008, moved to FILE008/DELNT494
2023-04-02 20:56:02.473195 - Found DELNT495.jcl (text/plain) in SBGOLOB.CBT505.FILE008, moved to FILE008/DELNT495
2023-04-02 20:56:02.474153 - Found DELNT496.jcl (text/plain) in SBGOLOB.CBT505.FILE008, moved to FILE008/DELNT496
2023-04-02 20:56:02.475147 - Found DELNT497.jcl (text/plain) in SBGOLOB.CBT505.FILE008, moved to FILE008/DELNT497
2023-04-02 20:56:02.476417 - Found DELNT498.jcl (text/plain) in SBGOLOB.CBT505.FILE008, moved to FILE008/DELNT498
2023-04-02 20:56:02.477680 - Found DELNT499.jcl (text/plain) in SBGOLOB.CBT505.FILE008, moved to FILE008/DELNT499
2023-04-02 20:56:02.478870 - Found DELNT500.jcl (text/plain) in SBGOLOB.CBT505.FILE008, moved to FILE008/DELNT500
2023-04-02 20:56:02.480184 - Found DELNT501.jcl (text/plain) in SBGOLOB.CBT505.FILE008, moved to FILE008/DELNT501
2023-04-02 20:56:02.481185 - Found DELNT502.jcl (text/plain) in SBGOLOB.CBT505.FILE008, moved to FILE008/DELNT502
2023-04-02 20:56:02.482118 - Found DELNT503.jcl (text/plain) in SBGOLOB.CBT505.FILE008, moved to FILE008/DELNT503
2023-04-02 20:56:02.483062 - Found DELXU488.jcl (text/plain) in SBGOLOB.CBT505.FILE008, moved to FILE008/DELXU488
2023-04-02 20:56:02.484532 - Found DELXU489.jcl (text/plain) in SBGOLOB.CBT505.FILE008, moved to FILE008/DELXU489
2023-04-02 20:56:02.485573 - Found DELXU490.jcl (text/plain) in SBGOLOB.CBT505.FILE008, moved to FILE008/DELXU490
2023-04-02 20:56:02.486584 - Found DELXU491.jcl (text/plain) in SBGOLOB.CBT505.FILE008, moved to FILE008/DELXU491
2023-04-02 20:56:02.487954 - Found DELXU492.jcl (text/plain) in SBGOLOB.CBT505.FILE008, moved to FILE008/DELXU492
2023-04-02 20:56:02.488999 - Found DELXU493.jcl (text/plain) in SBGOLOB.CBT505.FILE008, moved to FILE008/DELXU493
2023-04-02 20:56:02.490485 - Found DELXU494.jcl (text/plain) in SBGOLOB.CBT505.FILE008, moved to FILE008/DELXU494
2023-04-02 20:56:02.491829 - Found DELXU495.jcl (text/plain) in SBGOLOB.CBT505.FILE008, moved to FILE008/DELXU495
2023-04-02 20:56:02.493197 - Found DELXU496.jcl (text/plain) in SBGOLOB.CBT505.FILE008, moved to FILE008/DELXU496
2023-04-02 20:56:02.494462 - Found DELXU497.jcl (text/plain) in SBGOLOB.CBT505.FILE008, moved to FILE008/DELXU497
2023-04-02 20:56:02.495897 - Found DELXU498.jcl (text/plain) in SBGOLOB.CBT505.FILE008, moved to FILE008/DELXU498
2023-04-02 20:56:02.497521 - Found DELXU499.jcl (text/plain) in SBGOLOB.CBT505.FILE008, moved to FILE008/DELXU499
2023-04-02 20:56:02.499201 - Found DELXU500.jcl (text/plain) in SBGOLOB.CBT505.FILE008, moved to FILE008/DELXU500
2023-04-02 20:56:02.500624 - Found DELXU501.jcl (text/plain) in SBGOLOB.CBT505.FILE008, moved to FILE008/DELXU501
2023-04-02 20:56:02.502095 - Found DELXU502.jcl (text/plain) in SBGOLOB.CBT505.FILE008, moved to FILE008/DELXU502
2023-04-02 20:56:02.503475 - Found DELXU503.jcl (text/plain) in SBGOLOB.CBT505.FILE008, moved to FILE008/DELXU503
2023-04-02 20:56:02.504884 - Found DFDSSA02.jcl (text/plain) in SBGOLOB.CBT505.FILE008, moved to FILE008/DFDSSA02
2023-04-02 20:56:02.505973 - Found DFDSSBKC.jcl (text/plain) in SBGOLOB.CBT505.FILE008, moved to FILE008/DFDSSBKC
2023-04-02 20:56:02.507116 - Found DFDSSBKV.jcl (text/plain) in SBGOLOB.CBT505.FILE008, moved to FILE008/DFDSSBKV
2023-04-02 20:56:02.508382 - Found DFDSSBK3.jcl (text/plain) in SBGOLOB.CBT505.FILE008, moved to FILE008/DFDSSBK3
2023-04-02 20:56:02.509643 - Found DFDSSBN1.txt (text/plain) in SBGOLOB.CBT505.FILE008, moved to FILE008/DFDSSBN1
2023-04-02 20:56:02.510825 - Found DFDSSRC.jcl (text/plain) in SBGOLOB.CBT505.FILE008, moved to FILE008/DFDSSRC
2023-04-02 20:56:02.511817 - Found DFDSSR22.jcl (text/plain) in SBGOLOB.CBT505.FILE008, moved to FILE008/DFDSSR22
2023-04-02 20:56:02.512831 - Found DFDSSR4.jcl (text/plain) in SBGOLOB.CBT505.FILE008, moved to FILE008/DFDSSR4
2023-04-02 20:56:02.513814 - Found DFDSSZ22.jcl (text/plain) in SBGOLOB.CBT505.FILE008, moved to FILE008/DFDSSZ22
2023-04-02 20:56:02.514832 - Found FDRBACKV.jcl (text/plain) in SBGOLOB.CBT505.FILE008, moved to FILE008/FDRBACKV
2023-04-02 20:56:02.514848 - Found FILE005.bin containing application/octet-stream, moved to FILE008/FILE005
2023-04-02 20:56:02.517595 - Found FILE005O.txt (text/plain) in SBGOLOB.CBT505.FILE008, moved to FILE008/FILE005O
2023-04-02 20:56:02.517611 - Found FILE007.bin containing application/octet-stream, moved to FILE008/FILE007
2023-04-02 20:56:02.520129 - Found INFOJOB.jcl (text/plain) in SBGOLOB.CBT505.FILE008, moved to FILE008/INFOJOB
2023-04-02 20:56:02.521263 - Found IPLTZZSA.jcl (text/plain) in SBGOLOB.CBT505.FILE008, moved to FILE008/IPLTZZSA
2023-04-02 20:56:02.522370 - Found JOBCARD.jcl (text/plain) in SBGOLOB.CBT505.FILE008, moved to FILE008/JOBCARD
2023-04-02 20:56:02.574124 - Found LOADLIB.xmi (application/xmit) in SBGOLOB.CBT505.FILE008
2023-04-02 20:56:02.604597   - Received RECFM=U data, stored XMIT file as CBT008/LOADLIB.xmi
2023-04-02 20:56:02.605772 - Found MATCHTST.jcl (text/plain) in SBGOLOB.CBT505.FILE008, moved to FILE008/MATCHTST
2023-04-02 20:56:02.606877 - Found NEWP504A.jcl (text/plain) in SBGOLOB.CBT505.FILE008, moved to FILE008/NEWP504A
2023-04-02 20:56:02.607860 - Found NEWP504X.jcl (text/plain) in SBGOLOB.CBT505.FILE008, moved to FILE008/NEWP504X
2023-04-02 20:56:02.608842 - Found NEWQ504A.jcl (text/plain) in SBGOLOB.CBT505.FILE008, moved to FILE008/NEWQ504A
2023-04-02 20:56:02.609782 - Found NEWQ504X.jcl (text/plain) in SBGOLOB.CBT505.FILE008, moved to FILE008/NEWQ504X
2023-04-02 20:56:02.610741 - Found NEWT504A.jcl (text/plain) in SBGOLOB.CBT505.FILE008, moved to FILE008/NEWT504A
2023-04-02 20:56:02.611749 - Found NEWT504B.jcl (text/plain) in SBGOLOB.CBT505.FILE008, moved to FILE008/NEWT504B
2023-04-02 20:56:02.612785 - Found NEWT504C.jcl (text/plain) in SBGOLOB.CBT505.FILE008, moved to FILE008/NEWT504C
2023-04-02 20:56:02.613729 - Found NEWT504D.jcl (text/plain) in SBGOLOB.CBT505.FILE008, moved to FILE008/NEWT504D
2023-04-02 20:56:02.614697 - Found NEWT504E.jcl (text/plain) in SBGOLOB.CBT505.FILE008, moved to FILE008/NEWT504E
2023-04-02 20:56:02.615775 - Found NEWT504F.jcl (text/plain) in SBGOLOB.CBT505.FILE008, moved to FILE008/NEWT504F
2023-04-02 20:56:02.616989 - Found NEWT504G.jcl (text/plain) in SBGOLOB.CBT505.FILE008, moved to FILE008/NEWT504G
2023-04-02 20:56:02.618128 - Found NEWT504H.jcl (text/plain) in SBGOLOB.CBT505.FILE008, moved to FILE008/NEWT504H
2023-04-02 20:56:02.619288 - Found NEWT504I.jcl (text/plain) in SBGOLOB.CBT505.FILE008, moved to FILE008/NEWT504I
2023-04-02 20:56:02.620513 - Found NEWT504J.jcl (text/plain) in SBGOLOB.CBT505.FILE008, moved to FILE008/NEWT504J
2023-04-02 20:56:02.621719 - Found NEWT504K.jcl (text/plain) in SBGOLOB.CBT505.FILE008, moved to FILE008/NEWT504K
2023-04-02 20:56:02.622847 - Found NEWT504L.jcl (text/plain) in SBGOLOB.CBT505.FILE008, moved to FILE008/NEWT504L
2023-04-02 20:56:02.623880 - Found NEWT504M.jcl (text/plain) in SBGOLOB.CBT505.FILE008, moved to FILE008/NEWT504M
2023-04-02 20:56:02.624949 - Found NEWT504N.jcl (text/plain) in SBGOLOB.CBT505.FILE008, moved to FILE008/NEWT504N
2023-04-02 20:56:02.625899 - Found NEWT504O.jcl (text/plain) in SBGOLOB.CBT505.FILE008, moved to FILE008/NEWT504O
2023-04-02 20:56:02.626877 - Found NEWT504P.jcl (text/plain) in SBGOLOB.CBT505.FILE008, moved to FILE008/NEWT504P
2023-04-02 20:56:02.627824 - Found NEWT504Q.jcl (text/plain) in SBGOLOB.CBT505.FILE008, moved to FILE008/NEWT504Q
2023-04-02 20:56:02.628762 - Found NEWT504R.jcl (text/plain) in SBGOLOB.CBT505.FILE008, moved to FILE008/NEWT504R
2023-04-02 20:56:02.629857 - Found NEWT504S.jcl (text/plain) in SBGOLOB.CBT505.FILE008, moved to FILE008/NEWT504S
2023-04-02 20:56:02.630897 - Found NEWT504T.jcl (text/plain) in SBGOLOB.CBT505.FILE008, moved to FILE008/NEWT504T
2023-04-02 20:56:02.631885 - Found NEWT504U.jcl (text/plain) in SBGOLOB.CBT505.FILE008, moved to FILE008/NEWT504U
2023-04-02 20:56:02.632851 - Found NEWT504V.jcl (text/plain) in SBGOLOB.CBT505.FILE008, moved to FILE008/NEWT504V
2023-04-02 20:56:02.633804 - Found NEWT504W.jcl (text/plain) in SBGOLOB.CBT505.FILE008, moved to FILE008/NEWT504W
2023-04-02 20:56:02.634837 - Found NEWT504X.jcl (text/plain) in SBGOLOB.CBT505.FILE008, moved to FILE008/NEWT504X
2023-04-02 20:56:02.636407 - Found NEWT504Y.jcl (text/plain) in SBGOLOB.CBT505.FILE008, moved to FILE008/NEWT504Y
2023-04-02 20:56:02.637599 - Found NEWT504Z.jcl (text/plain) in SBGOLOB.CBT505.FILE008, moved to FILE008/NEWT504Z
2023-04-02 20:56:02.638709 - Found NEWU504A.jcl (text/plain) in SBGOLOB.CBT505.FILE008, moved to FILE008/NEWU504A
2023-04-02 20:56:02.638721 - Found SYSUPLOG.bin containing application/octet-stream, moved to FILE008/SYSUPLOG
2023-04-02 20:56:02.641476 - Found TRSCBD22.jcl (text/plain) in SBGOLOB.CBT505.FILE008, moved to FILE008/TRSCBD22
2023-04-02 20:56:02.642522 - Found TRSCBTD1.jcl (text/plain) in SBGOLOB.CBT505.FILE008, moved to FILE008/TRSCBTD1
2023-04-02 20:56:02.643590 - Found TRSCBTF1.jcl (text/plain) in SBGOLOB.CBT505.FILE008, moved to FILE008/TRSCBTF1
2023-04-02 20:56:02.644859 - Found TRSREST1.jcl (text/plain) in SBGOLOB.CBT505.FILE008, moved to FILE008/TRSREST1
2023-04-02 20:56:02.645974 - Found TRSREST2.jcl (text/plain) in SBGOLOB.CBT505.FILE008, moved to FILE008/TRSREST2
2023-04-02 20:56:02.647285 - Found TSOR489.jcl (text/plain) in SBGOLOB.CBT505.FILE008, moved to FILE008/TSOR489
2023-04-02 20:56:02.648548 - Found TSOR490.jcl (text/plain) in SBGOLOB.CBT505.FILE008, moved to FILE008/TSOR490
2023-04-02 20:56:02.649568 - Found TSOR491.jcl (text/plain) in SBGOLOB.CBT505.FILE008, moved to FILE008/TSOR491
2023-04-02 20:56:02.650535 - Found TSOR492.jcl (text/plain) in SBGOLOB.CBT505.FILE008, moved to FILE008/TSOR492
2023-04-02 20:56:02.651971 - Found TSOR493.jcl (text/plain) in SBGOLOB.CBT505.FILE008, moved to FILE008/TSOR493
2023-04-02 20:56:02.653576 - Found TSOR494.jcl (text/plain) in SBGOLOB.CBT505.FILE008, moved to FILE008/TSOR494
2023-04-02 20:56:02.655009 - Found TSOR495.jcl (text/plain) in SBGOLOB.CBT505.FILE008, moved to FILE008/TSOR495
2023-04-02 20:56:02.656345 - Found TSOR496.jcl (text/plain) in SBGOLOB.CBT505.FILE008, moved to FILE008/TSOR496
2023-04-02 20:56:02.657635 - Found TSOR497.jcl (text/plain) in SBGOLOB.CBT505.FILE008, moved to FILE008/TSOR497
2023-04-02 20:56:02.659003 - Found TSOR498.jcl (text/plain) in SBGOLOB.CBT505.FILE008, moved to FILE008/TSOR498
2023-04-02 20:56:02.660627 - Found TSOR499.jcl (text/plain) in SBGOLOB.CBT505.FILE008, moved to FILE008/TSOR499
2023-04-02 20:56:02.661815 - Found TSOR500.jcl (text/plain) in SBGOLOB.CBT505.FILE008, moved to FILE008/TSOR500
2023-04-02 20:56:02.662856 - Found TSOR501.jcl (text/plain) in SBGOLOB.CBT505.FILE008, moved to FILE008/TSOR501
2023-04-02 20:56:02.664409 - Found TSOR502.jcl (text/plain) in SBGOLOB.CBT505.FILE008, moved to FILE008/TSOR502
2023-04-02 20:56:02.665632 - Found TSOR502A.jcl (text/plain) in SBGOLOB.CBT505.FILE008, moved to FILE008/TSOR502A
2023-04-02 20:56:02.666854 - Found TSOR503.jcl (text/plain) in SBGOLOB.CBT505.FILE008, moved to FILE008/TSOR503
2023-04-02 20:56:02.668136 - Found TSOR504.jcl (text/plain) in SBGOLOB.CBT505.FILE008, moved to FILE008/TSOR504
2023-04-02 20:56:02.669173 - Found V503H01.jcl (text/plain) in SBGOLOB.CBT505.FILE008, moved to FILE008/V503H01
2023-04-02 20:56:02.670183 - Found V503I01.jcl (text/plain) in SBGOLOB.CBT505.FILE008, moved to FILE008/V503I01
2023-04-02 20:56:02.671171 - Found V503J01.jcl (text/plain) in SBGOLOB.CBT505.FILE008, moved to FILE008/V503J01
2023-04-02 20:56:02.672286 - Found V503J02.jcl (text/plain) in SBGOLOB.CBT505.FILE008, moved to FILE008/V503J02
2023-04-02 20:56:02.673585 - Found V503J03.jcl (text/plain) in SBGOLOB.CBT505.FILE008, moved to FILE008/V503J03
2023-04-02 20:56:02.674687 - Found V503J04.jcl (text/plain) in SBGOLOB.CBT505.FILE008, moved to FILE008/V503J04
2023-04-02 20:56:02.675881 - Found V503J05.jcl (text/plain) in SBGOLOB.CBT505.FILE008, moved to FILE008/V503J05
2023-04-02 20:56:02.677000 - Found V503J06.jcl (text/plain) in SBGOLOB.CBT505.FILE008, moved to FILE008/V503J06
2023-04-02 20:56:02.678057 - Found V503J07.jcl (text/plain) in SBGOLOB.CBT505.FILE008, moved to FILE008/V503J07
2023-04-02 20:56:02.679170 - Found V503J08.jcl (text/plain) in SBGOLOB.CBT505.FILE008, moved to FILE008/V503J08
2023-04-02 20:56:02.680198 - Found V503J09.jcl (text/plain) in SBGOLOB.CBT505.FILE008, moved to FILE008/V503J09
2023-04-02 20:56:02.681270 - Found V503J10.jcl (text/plain) in SBGOLOB.CBT505.FILE008, moved to FILE008/V503J10
2023-04-02 20:56:02.682275 - Found V503J11.jcl (text/plain) in SBGOLOB.CBT505.FILE008, moved to FILE008/V503J11
2023-04-02 20:56:02.683292 - Found V503X01.jcl (text/plain) in SBGOLOB.CBT505.FILE008, moved to FILE008/V503X01
2023-04-02 20:56:02.684355 - Found V503X02.jcl (text/plain) in SBGOLOB.CBT505.FILE008, moved to FILE008/V503X02
2023-04-02 20:56:02.685473 - Found V503X03.jcl (text/plain) in SBGOLOB.CBT505.FILE008, moved to FILE008/V503X03
2023-04-02 20:56:02.686594 - Found V503X04.jcl (text/plain) in SBGOLOB.CBT505.FILE008, moved to FILE008/V503X04
2023-04-02 20:56:02.687630 - Found V503X05.jcl (text/plain) in SBGOLOB.CBT505.FILE008, moved to FILE008/V503X05
2023-04-02 20:56:02.688615 - Found V503X06.jcl (text/plain) in SBGOLOB.CBT505.FILE008, moved to FILE008/V503X06
2023-04-02 20:56:02.689642 - Found V503X07.jcl (text/plain) in SBGOLOB.CBT505.FILE008, moved to FILE008/V503X07
2023-04-02 20:56:02.690592 - Found V503X08.jcl (text/plain) in SBGOLOB.CBT505.FILE008, moved to FILE008/V503X08
2023-04-02 20:56:02.691773 - Found V503X09.jcl (text/plain) in SBGOLOB.CBT505.FILE008, moved to FILE008/V503X09
2023-04-02 20:56:02.692913 - Found XIJ.txt (text/plain) in SBGOLOB.CBT505.FILE008, moved to FILE008/XIJ
